{
  "/Users/iwasaki/Documents/react/word-keeper/src/stores/libraryStore.ts": {
    "path": "/Users/iwasaki/Documents/react/word-keeper/src/stores/libraryStore.ts",
    "statementMap": {
      "0": {
        "start": { "line": 25, "column": 13 },
        "end": { "line": 136, "column": null }
      },
      "1": {
        "start": { "line": 27, "column": 19 },
        "end": { "line": 120, "column": null }
      },
      "2": {
        "start": { "line": 31, "column": 14 },
        "end": { "line": 31, "column": null }
      },
      "3": {
        "start": { "line": 32, "column": 29 },
        "end": { "line": 32, "column": null }
      },
      "4": {
        "start": { "line": 32, "column": 58 },
        "end": { "line": 32, "column": 73 }
      },
      "5": {
        "start": { "line": 35, "column": 45 },
        "end": { "line": 39, "column": null }
      },
      "6": {
        "start": { "line": 41, "column": 8 },
        "end": { "line": 76, "column": null }
      },
      "7": {
        "start": { "line": 44, "column": 32 },
        "end": { "line": 46, "column": null }
      },
      "8": {
        "start": { "line": 44, "column": 60 },
        "end": { "line": 45, "column": null }
      },
      "9": {
        "start": { "line": 48, "column": 10 },
        "end": { "line": 48, "column": null }
      },
      "10": {
        "start": { "line": 48, "column": 29 },
        "end": { "line": 48, "column": null }
      },
      "11": {
        "start": { "line": 51, "column": 10 },
        "end": { "line": 61, "column": null }
      },
      "12": {
        "start": { "line": 53, "column": 14 },
        "end": { "line": 59, "column": null }
      },
      "13": {
        "start": { "line": 64, "column": 37 },
        "end": { "line": 73, "column": null }
      },
      "14": {
        "start": { "line": 75, "column": 10 },
        "end": { "line": 75, "column": null }
      },
      "15": {
        "start": { "line": 80, "column": 8 },
        "end": { "line": 82, "column": null }
      },
      "16": {
        "start": { "line": 81, "column": 53 },
        "end": { "line": 81, "column": 64 }
      },
      "17": {
        "start": { "line": 86, "column": 8 },
        "end": { "line": 105, "column": null }
      },
      "18": {
        "start": { "line": 89, "column": 14 },
        "end": { "line": 101, "column": null }
      },
      "19": {
        "start": { "line": 90, "column": 40 },
        "end": { "line": 92, "column": null }
      },
      "20": {
        "start": { "line": 91, "column": 27 },
        "end": { "line": 91, "column": null }
      },
      "21": {
        "start": { "line": 94, "column": 16 },
        "end": { "line": 96, "column": null }
      },
      "22": {
        "start": { "line": 95, "column": 18 },
        "end": { "line": 95, "column": null }
      },
      "23": {
        "start": { "line": 97, "column": 16 },
        "end": { "line": 100, "column": null }
      },
      "24": {
        "start": { "line": 102, "column": 14 },
        "end": { "line": 102, "column": null }
      },
      "25": {
        "start": { "line": 104, "column": 43 },
        "end": { "line": 104, "column": 53 }
      },
      "26": {
        "start": { "line": 109, "column": 8 },
        "end": { "line": 118, "column": null }
      },
      "27": {
        "start": { "line": 111, "column": 12 },
        "end": { "line": 116, "column": null }
      },
      "28": {
        "start": { "line": 125, "column": 8 },
        "end": { "line": 130, "column": null }
      },
      "29": {
        "start": { "line": 127, "column": 10 },
        "end": { "line": 129, "column": null }
      },
      "30": {
        "start": { "line": 131, "column": 8 },
        "end": { "line": 131, "column": null }
      }
    },
    "fnMap": {
      "0": {
        "name": "(anonymous_0)",
        "decl": {
          "start": { "line": 27, "column": 4 },
          "end": { "line": 27, "column": 5 }
        },
        "loc": {
          "start": { "line": 27, "column": 19 },
          "end": { "line": 120, "column": null }
        },
        "line": 27
      },
      "1": {
        "name": "(anonymous_1)",
        "decl": {
          "start": { "line": 30, "column": 15 },
          "end": { "line": 30, "column": 16 }
        },
        "loc": {
          "start": { "line": 30, "column": 58 },
          "end": { "line": 77, "column": null }
        },
        "line": 30
      },
      "2": {
        "name": "(anonymous_2)",
        "decl": {
          "start": { "line": 32, "column": 51 },
          "end": { "line": 32, "column": 52 }
        },
        "loc": {
          "start": { "line": 32, "column": 58 },
          "end": { "line": 32, "column": 73 }
        },
        "line": 32
      },
      "3": {
        "name": "(anonymous_3)",
        "decl": {
          "start": { "line": 44, "column": 59 },
          "end": { "line": 44, "column": 60 }
        },
        "loc": {
          "start": { "line": 44, "column": 60 },
          "end": { "line": 45, "column": null }
        },
        "line": 44
      },
      "4": {
        "name": "(anonymous_4)",
        "decl": {
          "start": { "line": 52, "column": 45 },
          "end": { "line": 52, "column": 46 }
        },
        "loc": {
          "start": { "line": 53, "column": 14 },
          "end": { "line": 59, "column": null }
        },
        "line": 53
      },
      "5": {
        "name": "(anonymous_5)",
        "decl": {
          "start": { "line": 79, "column": 18 },
          "end": { "line": 79, "column": 19 }
        },
        "loc": {
          "start": { "line": 79, "column": 26 },
          "end": { "line": 83, "column": null }
        },
        "line": 79
      },
      "6": {
        "name": "(anonymous_6)",
        "decl": {
          "start": { "line": 81, "column": 46 },
          "end": { "line": 81, "column": 47 }
        },
        "loc": {
          "start": { "line": 81, "column": 53 },
          "end": { "line": 81, "column": 64 }
        },
        "line": 81
      },
      "7": {
        "name": "(anonymous_7)",
        "decl": {
          "start": { "line": 85, "column": 21 },
          "end": { "line": 85, "column": 22 }
        },
        "loc": {
          "start": { "line": 85, "column": 44 },
          "end": { "line": 106, "column": null }
        },
        "line": 85
      },
      "8": {
        "name": "(anonymous_8)",
        "decl": {
          "start": { "line": 88, "column": 28 },
          "end": { "line": 88, "column": 29 }
        },
        "loc": {
          "start": { "line": 88, "column": 35 },
          "end": { "line": 103, "column": 13 }
        },
        "line": 88
      },
      "9": {
        "name": "(anonymous_9)",
        "decl": {
          "start": { "line": 91, "column": 18 },
          "end": { "line": 91, "column": 19 }
        },
        "loc": {
          "start": { "line": 91, "column": 27 },
          "end": { "line": 91, "column": null }
        },
        "line": 91
      },
      "10": {
        "name": "(anonymous_10)",
        "decl": {
          "start": { "line": 104, "column": 20 },
          "end": { "line": 104, "column": 21 }
        },
        "loc": {
          "start": { "line": 104, "column": 43 },
          "end": { "line": 104, "column": 53 }
        },
        "line": 104
      },
      "11": {
        "name": "(anonymous_11)",
        "decl": {
          "start": { "line": 108, "column": 21 },
          "end": { "line": 108, "column": 22 }
        },
        "loc": {
          "start": { "line": 108, "column": 29 },
          "end": { "line": 119, "column": null }
        },
        "line": 108
      },
      "12": {
        "name": "(anonymous_12)",
        "decl": {
          "start": { "line": 110, "column": 43 },
          "end": { "line": 110, "column": 44 }
        },
        "loc": {
          "start": { "line": 111, "column": 12 },
          "end": { "line": 116, "column": null }
        },
        "line": 111
      },
      "13": {
        "name": "(anonymous_13)",
        "decl": {
          "start": { "line": 124, "column": 15 },
          "end": { "line": 124, "column": 16 }
        },
        "loc": {
          "start": { "line": 124, "column": 40 },
          "end": { "line": 132, "column": null }
        },
        "line": 124
      }
    },
    "branchMap": {
      "0": {
        "loc": {
          "start": { "line": 41, "column": 8 },
          "end": { "line": 76, "column": null }
        },
        "type": "if",
        "locations": [
          {
            "start": { "line": 41, "column": 8 },
            "end": { "line": 76, "column": null }
          },
          {
            "start": { "line": 62, "column": 15 },
            "end": { "line": 76, "column": null }
          }
        ],
        "line": 41
      },
      "1": {
        "loc": {
          "start": { "line": 48, "column": 10 },
          "end": { "line": 48, "column": null }
        },
        "type": "if",
        "locations": [
          {
            "start": { "line": 48, "column": 10 },
            "end": { "line": 48, "column": null }
          },
          { "start": {}, "end": {} }
        ],
        "line": 48
      },
      "2": {
        "loc": {
          "start": { "line": 53, "column": 14 },
          "end": { "line": 59, "column": null }
        },
        "type": "cond-expr",
        "locations": [
          {
            "start": { "line": 54, "column": 18 },
            "end": { "line": 58, "column": null }
          },
          {
            "start": { "line": 59, "column": 18 },
            "end": { "line": 59, "column": null }
          }
        ],
        "line": 53
      },
      "3": {
        "loc": {
          "start": { "line": 89, "column": 14 },
          "end": { "line": 101, "column": null }
        },
        "type": "if",
        "locations": [
          {
            "start": { "line": 89, "column": 14 },
            "end": { "line": 101, "column": null }
          },
          { "start": {}, "end": {} }
        ],
        "line": 89
      },
      "4": {
        "loc": {
          "start": { "line": 94, "column": 16 },
          "end": { "line": 96, "column": null }
        },
        "type": "if",
        "locations": [
          {
            "start": { "line": 94, "column": 16 },
            "end": { "line": 96, "column": null }
          },
          { "start": {}, "end": {} }
        ],
        "line": 94
      },
      "5": {
        "loc": {
          "start": { "line": 111, "column": 12 },
          "end": { "line": 116, "column": null }
        },
        "type": "cond-expr",
        "locations": [
          {
            "start": { "line": 112, "column": 16 },
            "end": { "line": 115, "column": null }
          },
          {
            "start": { "line": 116, "column": 16 },
            "end": { "line": 116, "column": null }
          }
        ],
        "line": 111
      },
      "6": {
        "loc": {
          "start": { "line": 114, "column": 32 },
          "end": { "line": 114, "column": null }
        },
        "type": "cond-expr",
        "locations": [
          {
            "start": { "line": 114, "column": 54 },
            "end": { "line": 114, "column": 58 }
          },
          {
            "start": { "line": 114, "column": 58 },
            "end": { "line": 114, "column": null }
          }
        ],
        "line": 114
      },
      "7": {
        "loc": {
          "start": { "line": 125, "column": 8 },
          "end": { "line": 130, "column": null }
        },
        "type": "if",
        "locations": [
          {
            "start": { "line": 125, "column": 8 },
            "end": { "line": 130, "column": null }
          },
          { "start": {}, "end": {} }
        ],
        "line": 125
      },
      "8": {
        "loc": {
          "start": { "line": 125, "column": 12 },
          "end": { "line": 125, "column": 57 }
        },
        "type": "binary-expr",
        "locations": [
          {
            "start": { "line": 125, "column": 12 },
            "end": { "line": 125, "column": 30 }
          },
          {
            "start": { "line": 125, "column": 30 },
            "end": { "line": 125, "column": 57 }
          }
        ],
        "line": 125
      }
    },
    "s": {
      "0": 1,
      "1": 1,
      "2": 12,
      "3": 12,
      "4": 3,
      "5": 12,
      "6": 12,
      "7": 3,
      "8": 3,
      "9": 3,
      "10": 1,
      "11": 2,
      "12": 2,
      "13": 9,
      "14": 9,
      "15": 7,
      "16": 7,
      "17": 2,
      "18": 2,
      "19": 2,
      "20": 3,
      "21": 2,
      "22": 1,
      "23": 1,
      "24": 0,
      "25": 2,
      "26": 5,
      "27": 5,
      "28": 0,
      "29": 0,
      "30": 0
    },
    "f": {
      "0": 1,
      "1": 12,
      "2": 3,
      "3": 3,
      "4": 2,
      "5": 7,
      "6": 7,
      "7": 2,
      "8": 2,
      "9": 3,
      "10": 2,
      "11": 5,
      "12": 5,
      "13": 0
    },
    "b": {
      "0": [3, 9],
      "1": [1, 2],
      "2": [2, 0],
      "3": [2, 0],
      "4": [1, 1],
      "5": [5, 0],
      "6": [1, 4],
      "7": [0, 0],
      "8": [0, 0]
    },
    "meta": {
      "lastBranch": 9,
      "lastFunction": 14,
      "lastStatement": 31,
      "seen": {
        "s:25:13:136:Infinity": 0,
        "f:27:4:27:5": 0,
        "s:27:19:120:Infinity": 1,
        "f:30:15:30:16": 1,
        "s:31:14:31:Infinity": 2,
        "s:32:29:32:Infinity": 3,
        "f:32:51:32:52": 2,
        "s:32:58:32:73": 4,
        "s:35:45:39:Infinity": 5,
        "b:41:8:76:Infinity:62:15:76:Infinity": 0,
        "s:41:8:76:Infinity": 6,
        "s:44:32:46:Infinity": 7,
        "f:44:59:44:60": 3,
        "s:44:60:45:Infinity": 8,
        "b:48:10:48:Infinity:undefined:undefined:undefined:undefined": 1,
        "s:48:10:48:Infinity": 9,
        "s:48:29:48:Infinity": 10,
        "s:51:10:61:Infinity": 11,
        "f:52:45:52:46": 4,
        "s:53:14:59:Infinity": 12,
        "b:54:18:58:Infinity:59:18:59:Infinity": 2,
        "s:64:37:73:Infinity": 13,
        "s:75:10:75:Infinity": 14,
        "f:79:18:79:19": 5,
        "s:80:8:82:Infinity": 15,
        "f:81:46:81:47": 6,
        "s:81:53:81:64": 16,
        "f:85:21:85:22": 7,
        "s:86:8:105:Infinity": 17,
        "f:88:28:88:29": 8,
        "b:89:14:101:Infinity:undefined:undefined:undefined:undefined": 3,
        "s:89:14:101:Infinity": 18,
        "s:90:40:92:Infinity": 19,
        "f:91:18:91:19": 9,
        "s:91:27:91:Infinity": 20,
        "b:94:16:96:Infinity:undefined:undefined:undefined:undefined": 4,
        "s:94:16:96:Infinity": 21,
        "s:95:18:95:Infinity": 22,
        "s:97:16:100:Infinity": 23,
        "s:102:14:102:Infinity": 24,
        "f:104:20:104:21": 10,
        "s:104:43:104:53": 25,
        "f:108:21:108:22": 11,
        "s:109:8:118:Infinity": 26,
        "f:110:43:110:44": 12,
        "s:111:12:116:Infinity": 27,
        "b:112:16:115:Infinity:116:16:116:Infinity": 5,
        "b:114:54:114:58:114:58:114:Infinity": 6,
        "f:124:15:124:16": 13,
        "b:125:8:130:Infinity:undefined:undefined:undefined:undefined": 7,
        "s:125:8:130:Infinity": 28,
        "b:125:12:125:30:125:30:125:57": 8,
        "s:127:10:129:Infinity": 29,
        "s:131:8:131:Infinity": 30
      }
    }
  },
  "/Users/iwasaki/Documents/react/word-keeper/src/utils/arrayUtils.ts": {
    "path": "/Users/iwasaki/Documents/react/word-keeper/src/utils/arrayUtils.ts",
    "statementMap": {
      "0": {
        "start": { "line": 10, "column": 28 },
        "end": { "line": 12, "column": null }
      },
      "1": {
        "start": { "line": 11, "column": 2 },
        "end": { "line": 11, "column": null }
      },
      "2": {
        "start": { "line": 11, "column": 31 },
        "end": { "line": 11, "column": 50 }
      },
      "3": {
        "start": { "line": 20, "column": 30 },
        "end": { "line": 22, "column": null }
      },
      "4": {
        "start": { "line": 21, "column": 2 },
        "end": { "line": 21, "column": null }
      }
    },
    "fnMap": {
      "0": {
        "name": "(anonymous_0)",
        "decl": {
          "start": { "line": 10, "column": 28 },
          "end": { "line": 10, "column": 32 }
        },
        "loc": {
          "start": { "line": 10, "column": 52 },
          "end": { "line": 12, "column": null }
        },
        "line": 10
      },
      "1": {
        "name": "(anonymous_1)",
        "decl": {
          "start": { "line": 11, "column": 25 },
          "end": { "line": 11, "column": 31 }
        },
        "loc": {
          "start": { "line": 11, "column": 31 },
          "end": { "line": 11, "column": 50 }
        },
        "line": 11
      },
      "2": {
        "name": "(anonymous_2)",
        "decl": {
          "start": { "line": 20, "column": 30 },
          "end": { "line": 20, "column": 34 }
        },
        "loc": {
          "start": { "line": 20, "column": 69 },
          "end": { "line": 22, "column": null }
        },
        "line": 20
      }
    },
    "branchMap": {},
    "s": { "0": 2, "1": 30, "2": 98, "3": 2, "4": 6 },
    "f": { "0": 30, "1": 98, "2": 6 },
    "b": {},
    "meta": {
      "lastBranch": 0,
      "lastFunction": 3,
      "lastStatement": 5,
      "seen": {
        "s:10:28:12:Infinity": 0,
        "f:10:28:10:32": 0,
        "s:11:2:11:Infinity": 1,
        "f:11:25:11:31": 1,
        "s:11:31:11:50": 2,
        "s:20:30:22:Infinity": 3,
        "f:20:30:20:34": 2,
        "s:21:2:21:Infinity": 4
      }
    }
  },
  "/Users/iwasaki/Documents/react/word-keeper/src/utils/speechUtils.ts": {
    "path": "/Users/iwasaki/Documents/react/word-keeper/src/utils/speechUtils.ts",
    "statementMap": {
      "0": {
        "start": { "line": 21, "column": 21 },
        "end": { "line": 56, "column": null }
      },
      "1": {
        "start": { "line": 22, "column": 2 },
        "end": { "line": 33, "column": null }
      },
      "2": {
        "start": { "line": 23, "column": 21 },
        "end": { "line": 23, "column": null }
      },
      "3": {
        "start": { "line": 24, "column": 4 },
        "end": { "line": 24, "column": null }
      },
      "4": {
        "start": { "line": 25, "column": 4 },
        "end": { "line": 31, "column": null }
      },
      "5": {
        "start": { "line": 26, "column": 6 },
        "end": { "line": 26, "column": null }
      },
      "6": {
        "start": { "line": 28, "column": 6 },
        "end": { "line": 30, "column": null }
      },
      "7": {
        "start": { "line": 32, "column": 4 },
        "end": { "line": 32, "column": null }
      },
      "8": {
        "start": { "line": 35, "column": 2 },
        "end": { "line": 35, "column": null }
      },
      "9": {
        "start": { "line": 37, "column": 20 },
        "end": { "line": 37, "column": null }
      },
      "10": {
        "start": { "line": 38, "column": 2 },
        "end": { "line": 38, "column": null }
      },
      "11": {
        "start": { "line": 39, "column": 2 },
        "end": { "line": 39, "column": null }
      },
      "12": {
        "start": { "line": 40, "column": 2 },
        "end": { "line": 40, "column": null }
      },
      "13": {
        "start": { "line": 41, "column": 2 },
        "end": { "line": 41, "column": null }
      },
      "14": {
        "start": { "line": 43, "column": 2 },
        "end": { "line": 53, "column": null }
      },
      "15": {
        "start": { "line": 44, "column": 21 },
        "end": { "line": 44, "column": null }
      },
      "16": {
        "start": { "line": 45, "column": 4 },
        "end": { "line": 45, "column": null }
      },
      "17": {
        "start": { "line": 46, "column": 4 },
        "end": { "line": 52, "column": null }
      },
      "18": {
        "start": { "line": 47, "column": 6 },
        "end": { "line": 47, "column": null }
      },
      "19": {
        "start": { "line": 49, "column": 6 },
        "end": { "line": 51, "column": null }
      },
      "20": {
        "start": { "line": 55, "column": 2 },
        "end": { "line": 55, "column": null }
      },
      "21": {
        "start": { "line": 61, "column": 28 },
        "end": { "line": 65, "column": null }
      },
      "22": {
        "start": { "line": 62, "column": 2 },
        "end": { "line": 64, "column": null }
      },
      "23": {
        "start": { "line": 63, "column": 4 },
        "end": { "line": 63, "column": null }
      },
      "24": {
        "start": { "line": 71, "column": 32 },
        "end": { "line": 76, "column": null }
      },
      "25": {
        "start": { "line": 72, "column": 2 },
        "end": { "line": 75, "column": null }
      },
      "26": {
        "start": { "line": 73, "column": 22 },
        "end": { "line": 73, "column": null }
      },
      "27": {
        "start": { "line": 74, "column": 4 },
        "end": { "line": 74, "column": null }
      }
    },
    "fnMap": {
      "0": {
        "name": "(anonymous_0)",
        "decl": {
          "start": { "line": 21, "column": 21 },
          "end": { "line": 21, "column": 22 }
        },
        "loc": {
          "start": { "line": 21, "column": 69 },
          "end": { "line": 56, "column": null }
        },
        "line": 21
      },
      "1": {
        "name": "(anonymous_1)",
        "decl": {
          "start": { "line": 43, "column": 22 },
          "end": { "line": 43, "column": 23 }
        },
        "loc": {
          "start": { "line": 43, "column": 33 },
          "end": { "line": 53, "column": null }
        },
        "line": 43
      },
      "2": {
        "name": "(anonymous_2)",
        "decl": {
          "start": { "line": 61, "column": 28 },
          "end": { "line": 61, "column": 40 }
        },
        "loc": {
          "start": { "line": 61, "column": 40 },
          "end": { "line": 65, "column": null }
        },
        "line": 61
      },
      "3": {
        "name": "(anonymous_3)",
        "decl": {
          "start": { "line": 71, "column": 32 },
          "end": { "line": 71, "column": 44 }
        },
        "loc": {
          "start": { "line": 71, "column": 44 },
          "end": { "line": 76, "column": null }
        },
        "line": 71
      }
    },
    "branchMap": {
      "0": {
        "loc": {
          "start": { "line": 22, "column": 2 },
          "end": { "line": 33, "column": null }
        },
        "type": "if",
        "locations": [
          {
            "start": { "line": 22, "column": 2 },
            "end": { "line": 33, "column": null }
          },
          { "start": {}, "end": {} }
        ],
        "line": 22
      },
      "1": {
        "loc": {
          "start": { "line": 22, "column": 6 },
          "end": { "line": 22, "column": 64 }
        },
        "type": "binary-expr",
        "locations": [
          {
            "start": { "line": 22, "column": 6 },
            "end": { "line": 22, "column": 39 }
          },
          {
            "start": { "line": 22, "column": 39 },
            "end": { "line": 22, "column": 64 }
          }
        ],
        "line": 22
      },
      "2": {
        "loc": {
          "start": { "line": 25, "column": 4 },
          "end": { "line": 31, "column": null }
        },
        "type": "if",
        "locations": [
          {
            "start": { "line": 25, "column": 4 },
            "end": { "line": 31, "column": null }
          },
          {
            "start": { "line": 27, "column": 11 },
            "end": { "line": 31, "column": null }
          }
        ],
        "line": 25
      },
      "3": {
        "loc": {
          "start": { "line": 39, "column": 19 },
          "end": { "line": 39, "column": null }
        },
        "type": "binary-expr",
        "locations": [
          {
            "start": { "line": 39, "column": 19 },
            "end": { "line": 39, "column": 35 }
          },
          {
            "start": { "line": 39, "column": 35 },
            "end": { "line": 39, "column": null }
          }
        ],
        "line": 39
      },
      "4": {
        "loc": {
          "start": { "line": 40, "column": 20 },
          "end": { "line": 40, "column": null }
        },
        "type": "binary-expr",
        "locations": [
          {
            "start": { "line": 40, "column": 20 },
            "end": { "line": 40, "column": 37 }
          },
          {
            "start": { "line": 40, "column": 37 },
            "end": { "line": 40, "column": null }
          }
        ],
        "line": 40
      },
      "5": {
        "loc": {
          "start": { "line": 41, "column": 21 },
          "end": { "line": 41, "column": null }
        },
        "type": "binary-expr",
        "locations": [
          {
            "start": { "line": 41, "column": 21 },
            "end": { "line": 41, "column": 39 }
          },
          {
            "start": { "line": 41, "column": 39 },
            "end": { "line": 41, "column": null }
          }
        ],
        "line": 41
      },
      "6": {
        "loc": {
          "start": { "line": 46, "column": 4 },
          "end": { "line": 52, "column": null }
        },
        "type": "if",
        "locations": [
          {
            "start": { "line": 46, "column": 4 },
            "end": { "line": 52, "column": null }
          },
          {
            "start": { "line": 48, "column": 11 },
            "end": { "line": 52, "column": null }
          }
        ],
        "line": 46
      },
      "7": {
        "loc": {
          "start": { "line": 62, "column": 2 },
          "end": { "line": 64, "column": null }
        },
        "type": "if",
        "locations": [
          {
            "start": { "line": 62, "column": 2 },
            "end": { "line": 64, "column": null }
          },
          { "start": {}, "end": {} }
        ],
        "line": 62
      },
      "8": {
        "loc": {
          "start": { "line": 62, "column": 6 },
          "end": { "line": 62, "column": 63 }
        },
        "type": "binary-expr",
        "locations": [
          {
            "start": { "line": 62, "column": 6 },
            "end": { "line": 62, "column": 39 }
          },
          {
            "start": { "line": 62, "column": 39 },
            "end": { "line": 62, "column": 63 }
          }
        ],
        "line": 62
      },
      "9": {
        "loc": {
          "start": { "line": 72, "column": 2 },
          "end": { "line": 75, "column": null }
        },
        "type": "if",
        "locations": [
          {
            "start": { "line": 72, "column": 2 },
            "end": { "line": 75, "column": null }
          },
          { "start": {}, "end": {} }
        ],
        "line": 72
      },
      "10": {
        "loc": {
          "start": { "line": 72, "column": 6 },
          "end": { "line": 72, "column": 63 }
        },
        "type": "binary-expr",
        "locations": [
          {
            "start": { "line": 72, "column": 6 },
            "end": { "line": 72, "column": 39 }
          },
          {
            "start": { "line": 72, "column": 39 },
            "end": { "line": 72, "column": 63 }
          }
        ],
        "line": 72
      }
    },
    "s": {
      "0": 1,
      "1": 4,
      "2": 1,
      "3": 1,
      "4": 1,
      "5": 0,
      "6": 1,
      "7": 1,
      "8": 3,
      "9": 3,
      "10": 3,
      "11": 3,
      "12": 4,
      "13": 4,
      "14": 4,
      "15": 0,
      "16": 0,
      "17": 0,
      "18": 0,
      "19": 0,
      "20": 4,
      "21": 1,
      "22": 2,
      "23": 1,
      "24": 1,
      "25": 2,
      "26": 1,
      "27": 1
    },
    "f": { "0": 4, "1": 0, "2": 2, "3": 2 },
    "b": {
      "0": [1, 3],
      "1": [4, 4],
      "2": [0, 1],
      "3": [3, 2],
      "4": [4, 2],
      "5": [4, 2],
      "6": [0, 0],
      "7": [1, 1],
      "8": [2, 2],
      "9": [1, 1],
      "10": [2, 2]
    },
    "meta": {
      "lastBranch": 11,
      "lastFunction": 4,
      "lastStatement": 28,
      "seen": {
        "s:21:21:56:Infinity": 0,
        "f:21:21:21:22": 0,
        "b:22:2:33:Infinity:undefined:undefined:undefined:undefined": 0,
        "s:22:2:33:Infinity": 1,
        "b:22:6:22:39:22:39:22:64": 1,
        "s:23:21:23:Infinity": 2,
        "s:24:4:24:Infinity": 3,
        "b:25:4:31:Infinity:27:11:31:Infinity": 2,
        "s:25:4:31:Infinity": 4,
        "s:26:6:26:Infinity": 5,
        "s:28:6:30:Infinity": 6,
        "s:32:4:32:Infinity": 7,
        "s:35:2:35:Infinity": 8,
        "s:37:20:37:Infinity": 9,
        "s:38:2:38:Infinity": 10,
        "s:39:2:39:Infinity": 11,
        "b:39:19:39:35:39:35:39:Infinity": 3,
        "s:40:2:40:Infinity": 12,
        "b:40:20:40:37:40:37:40:Infinity": 4,
        "s:41:2:41:Infinity": 13,
        "b:41:21:41:39:41:39:41:Infinity": 5,
        "s:43:2:53:Infinity": 14,
        "f:43:22:43:23": 1,
        "s:44:21:44:Infinity": 15,
        "s:45:4:45:Infinity": 16,
        "b:46:4:52:Infinity:48:11:52:Infinity": 6,
        "s:46:4:52:Infinity": 17,
        "s:47:6:47:Infinity": 18,
        "s:49:6:51:Infinity": 19,
        "s:55:2:55:Infinity": 20,
        "s:61:28:65:Infinity": 21,
        "f:61:28:61:40": 2,
        "b:62:2:64:Infinity:undefined:undefined:undefined:undefined": 7,
        "s:62:2:64:Infinity": 22,
        "b:62:6:62:39:62:39:62:63": 8,
        "s:63:4:63:Infinity": 23,
        "s:71:32:76:Infinity": 24,
        "f:71:32:71:44": 3,
        "b:72:2:75:Infinity:undefined:undefined:undefined:undefined": 9,
        "s:72:2:75:Infinity": 25,
        "b:72:6:72:39:72:39:72:63": 10,
        "s:73:22:73:Infinity": 26,
        "s:74:4:74:Infinity": 27
      }
    }
  },
  "/Users/iwasaki/Documents/react/word-keeper/src/utils/vocabularyUtils.ts": {
    "path": "/Users/iwasaki/Documents/react/word-keeper/src/utils/vocabularyUtils.ts",
    "statementMap": {
      "0": {
        "start": { "line": 13, "column": 39 },
        "end": { "line": 44, "column": null }
      },
      "1": {
        "start": { "line": 26, "column": 38 },
        "end": { "line": 26, "column": null }
      },
      "2": {
        "start": { "line": 27, "column": 18 },
        "end": { "line": 27, "column": null }
      },
      "3": {
        "start": { "line": 30, "column": 16 },
        "end": { "line": 30, "column": null }
      },
      "4": {
        "start": { "line": 32, "column": 2 },
        "end": { "line": 41, "column": null }
      },
      "5": {
        "start": { "line": 33, "column": 4 },
        "end": { "line": 40, "column": null }
      },
      "6": {
        "start": { "line": 34, "column": 6 },
        "end": { "line": 39, "column": null }
      },
      "7": {
        "start": { "line": 35, "column": 8 },
        "end": { "line": 38, "column": null }
      },
      "8": {
        "start": { "line": 36, "column": 10 },
        "end": { "line": 36, "column": null }
      },
      "9": {
        "start": { "line": 37, "column": 10 },
        "end": { "line": 37, "column": null }
      },
      "10": {
        "start": { "line": 43, "column": 2 },
        "end": { "line": 43, "column": null }
      },
      "11": {
        "start": { "line": 53, "column": 31 },
        "end": { "line": 98, "column": null }
      },
      "12": {
        "start": { "line": 58, "column": 18 },
        "end": { "line": 58, "column": null }
      },
      "13": {
        "start": { "line": 59, "column": 30 },
        "end": { "line": 59, "column": null }
      },
      "14": {
        "start": { "line": 62, "column": 22 },
        "end": { "line": 62, "column": null }
      },
      "15": {
        "start": { "line": 62, "column": 52 },
        "end": { "line": 62, "column": 76 }
      },
      "16": {
        "start": { "line": 65, "column": 32 },
        "end": { "line": 67, "column": null }
      },
      "17": {
        "start": { "line": 66, "column": 16 },
        "end": { "line": 66, "column": null }
      },
      "18": {
        "start": { "line": 68, "column": 27 },
        "end": { "line": 70, "column": null }
      },
      "19": {
        "start": { "line": 69, "column": 16 },
        "end": { "line": 69, "column": null }
      },
      "20": {
        "start": { "line": 73, "column": 8 },
        "end": { "line": 73, "column": null }
      },
      "21": {
        "start": { "line": 74, "column": 8 },
        "end": { "line": 74, "column": null }
      },
      "22": {
        "start": { "line": 77, "column": 2 },
        "end": { "line": 82, "column": null }
      },
      "23": {
        "start": { "line": 78, "column": 4 },
        "end": { "line": 78, "column": null }
      },
      "24": {
        "start": { "line": 78, "column": 33 },
        "end": { "line": 78, "column": null }
      },
      "25": {
        "start": { "line": 79, "column": 4 },
        "end": { "line": 81, "column": null }
      },
      "26": {
        "start": { "line": 80, "column": 6 },
        "end": { "line": 80, "column": null }
      },
      "27": {
        "start": { "line": 85, "column": 2 },
        "end": { "line": 90, "column": null }
      },
      "28": {
        "start": { "line": 86, "column": 4 },
        "end": { "line": 86, "column": null }
      },
      "29": {
        "start": { "line": 86, "column": 33 },
        "end": { "line": 86, "column": null }
      },
      "30": {
        "start": { "line": 87, "column": 4 },
        "end": { "line": 89, "column": null }
      },
      "31": {
        "start": { "line": 88, "column": 6 },
        "end": { "line": 88, "column": null }
      },
      "32": {
        "start": { "line": 93, "column": 2 },
        "end": { "line": 95, "column": null }
      },
      "33": {
        "start": { "line": 94, "column": 4 },
        "end": { "line": 94, "column": null }
      },
      "34": {
        "start": { "line": 97, "column": 2 },
        "end": { "line": 97, "column": null }
      }
    },
    "fnMap": {
      "0": {
        "name": "(anonymous_0)",
        "decl": {
          "start": { "line": 13, "column": 39 },
          "end": { "line": 13, "column": null }
        },
        "loc": {
          "start": { "line": 25, "column": 19 },
          "end": { "line": 44, "column": null }
        },
        "line": 25
      },
      "1": {
        "name": "(anonymous_1)",
        "decl": {
          "start": { "line": 32, "column": 16 },
          "end": { "line": 32, "column": 17 }
        },
        "loc": {
          "start": { "line": 32, "column": 26 },
          "end": { "line": 41, "column": 3 }
        },
        "line": 32
      },
      "2": {
        "name": "(anonymous_2)",
        "decl": {
          "start": { "line": 33, "column": 24 },
          "end": { "line": 33, "column": 25 }
        },
        "loc": {
          "start": { "line": 33, "column": 35 },
          "end": { "line": 40, "column": 5 }
        },
        "line": 33
      },
      "3": {
        "name": "(anonymous_3)",
        "decl": {
          "start": { "line": 34, "column": 31 },
          "end": { "line": 34, "column": 32 }
        },
        "loc": {
          "start": { "line": 34, "column": 42 },
          "end": { "line": 39, "column": 7 }
        },
        "line": 34
      },
      "4": {
        "name": "(anonymous_4)",
        "decl": {
          "start": { "line": 53, "column": 31 },
          "end": { "line": 53, "column": null }
        },
        "loc": {
          "start": { "line": 57, "column": 15 },
          "end": { "line": 98, "column": null }
        },
        "line": 57
      },
      "5": {
        "name": "(anonymous_5)",
        "decl": {
          "start": { "line": 62, "column": 40 },
          "end": { "line": 62, "column": 41 }
        },
        "loc": {
          "start": { "line": 62, "column": 52 },
          "end": { "line": 62, "column": 76 }
        },
        "line": 62
      },
      "6": {
        "name": "(anonymous_6)",
        "decl": {
          "start": { "line": 66, "column": 4 },
          "end": { "line": 66, "column": 5 }
        },
        "loc": {
          "start": { "line": 66, "column": 16 },
          "end": { "line": 66, "column": null }
        },
        "line": 66
      },
      "7": {
        "name": "(anonymous_7)",
        "decl": {
          "start": { "line": 69, "column": 4 },
          "end": { "line": 69, "column": 5 }
        },
        "loc": {
          "start": { "line": 69, "column": 16 },
          "end": { "line": 69, "column": null }
        },
        "line": 69
      }
    },
    "branchMap": {
      "0": {
        "loc": {
          "start": { "line": 30, "column": 16 },
          "end": { "line": 30, "column": null }
        },
        "type": "cond-expr",
        "locations": [
          {
            "start": { "line": 30, "column": 42 },
            "end": { "line": 30, "column": 53 }
          },
          {
            "start": { "line": 30, "column": 53 },
            "end": { "line": 30, "column": null }
          }
        ],
        "line": 30
      },
      "1": {
        "loc": {
          "start": { "line": 35, "column": 8 },
          "end": { "line": 38, "column": null }
        },
        "type": "if",
        "locations": [
          {
            "start": { "line": 35, "column": 8 },
            "end": { "line": 38, "column": null }
          },
          { "start": {}, "end": {} }
        ],
        "line": 35
      },
      "2": {
        "loc": {
          "start": { "line": 56, "column": 2 },
          "end": { "line": 56, "column": null }
        },
        "type": "default-arg",
        "locations": [
          {
            "start": { "line": 56, "column": 18 },
            "end": { "line": 56, "column": null }
          }
        ],
        "line": 56
      },
      "3": {
        "loc": {
          "start": { "line": 78, "column": 4 },
          "end": { "line": 78, "column": null }
        },
        "type": "if",
        "locations": [
          {
            "start": { "line": 78, "column": 4 },
            "end": { "line": 78, "column": null }
          },
          { "start": {}, "end": {} }
        ],
        "line": 78
      },
      "4": {
        "loc": {
          "start": { "line": 79, "column": 4 },
          "end": { "line": 81, "column": null }
        },
        "type": "if",
        "locations": [
          {
            "start": { "line": 79, "column": 4 },
            "end": { "line": 81, "column": null }
          },
          { "start": {}, "end": {} }
        ],
        "line": 79
      },
      "5": {
        "loc": {
          "start": { "line": 86, "column": 4 },
          "end": { "line": 86, "column": null }
        },
        "type": "if",
        "locations": [
          {
            "start": { "line": 86, "column": 4 },
            "end": { "line": 86, "column": null }
          },
          { "start": {}, "end": {} }
        ],
        "line": 86
      },
      "6": {
        "loc": {
          "start": { "line": 87, "column": 4 },
          "end": { "line": 89, "column": null }
        },
        "type": "if",
        "locations": [
          {
            "start": { "line": 87, "column": 4 },
            "end": { "line": 89, "column": null }
          },
          { "start": {}, "end": {} }
        ],
        "line": 87
      }
    },
    "s": {
      "0": 1,
      "1": 5,
      "2": 5,
      "3": 5,
      "4": 5,
      "5": 6,
      "6": 7,
      "7": 8,
      "8": 7,
      "9": 7,
      "10": 5,
      "11": 1,
      "12": 6,
      "13": 6,
      "14": 6,
      "15": 27,
      "16": 6,
      "17": 21,
      "18": 6,
      "19": 21,
      "20": 6,
      "21": 6,
      "22": 6,
      "23": 19,
      "24": 4,
      "25": 15,
      "26": 15,
      "27": 6,
      "28": 1,
      "29": 1,
      "30": 0,
      "31": 0,
      "32": 6,
      "33": 2,
      "34": 6
    },
    "f": { "0": 5, "1": 6, "2": 7, "3": 8, "4": 6, "5": 27, "6": 21, "7": 21 },
    "b": {
      "0": [1, 4],
      "1": [7, 1],
      "2": [6],
      "3": [4, 15],
      "4": [15, 0],
      "5": [1, 0],
      "6": [0, 0]
    },
    "meta": {
      "lastBranch": 7,
      "lastFunction": 8,
      "lastStatement": 35,
      "seen": {
        "s:13:39:44:Infinity": 0,
        "f:13:39:13:Infinity": 0,
        "s:26:38:26:Infinity": 1,
        "s:27:18:27:Infinity": 2,
        "s:30:16:30:Infinity": 3,
        "b:30:42:30:53:30:53:30:Infinity": 0,
        "s:32:2:41:Infinity": 4,
        "f:32:16:32:17": 1,
        "s:33:4:40:Infinity": 5,
        "f:33:24:33:25": 2,
        "s:34:6:39:Infinity": 6,
        "f:34:31:34:32": 3,
        "b:35:8:38:Infinity:undefined:undefined:undefined:undefined": 1,
        "s:35:8:38:Infinity": 7,
        "s:36:10:36:Infinity": 8,
        "s:37:10:37:Infinity": 9,
        "s:43:2:43:Infinity": 10,
        "s:53:31:98:Infinity": 11,
        "f:53:31:53:Infinity": 4,
        "b:56:18:56:Infinity": 2,
        "s:58:18:58:Infinity": 12,
        "s:59:30:59:Infinity": 13,
        "s:62:22:62:Infinity": 14,
        "f:62:40:62:41": 5,
        "s:62:52:62:76": 15,
        "s:65:32:67:Infinity": 16,
        "f:66:4:66:5": 6,
        "s:66:16:66:Infinity": 17,
        "s:68:27:70:Infinity": 18,
        "f:69:4:69:5": 7,
        "s:69:16:69:Infinity": 19,
        "s:73:8:73:Infinity": 20,
        "s:74:8:74:Infinity": 21,
        "s:77:2:82:Infinity": 22,
        "b:78:4:78:Infinity:undefined:undefined:undefined:undefined": 3,
        "s:78:4:78:Infinity": 23,
        "s:78:33:78:Infinity": 24,
        "b:79:4:81:Infinity:undefined:undefined:undefined:undefined": 4,
        "s:79:4:81:Infinity": 25,
        "s:80:6:80:Infinity": 26,
        "s:85:2:90:Infinity": 27,
        "b:86:4:86:Infinity:undefined:undefined:undefined:undefined": 5,
        "s:86:4:86:Infinity": 28,
        "s:86:33:86:Infinity": 29,
        "b:87:4:89:Infinity:undefined:undefined:undefined:undefined": 6,
        "s:87:4:89:Infinity": 30,
        "s:88:6:88:Infinity": 31,
        "s:93:2:95:Infinity": 32,
        "s:94:4:94:Infinity": 33,
        "s:97:2:97:Infinity": 34
      }
    }
  },
  "/Users/iwasaki/Documents/react/word-keeper/src/utils/wordUtils.ts": {
    "path": "/Users/iwasaki/Documents/react/word-keeper/src/utils/wordUtils.ts",
    "statementMap": {
      "0": {
        "start": { "line": 8, "column": 30 },
        "end": { "line": 13, "column": null }
      },
      "1": {
        "start": { "line": 10, "column": 21 },
        "end": { "line": 10, "column": null }
      },
      "2": {
        "start": { "line": 12, "column": 2 },
        "end": { "line": 12, "column": null }
      },
      "3": {
        "start": { "line": 20, "column": 34 },
        "end": { "line": 70, "column": null }
      },
      "4": {
        "start": { "line": 21, "column": 2 },
        "end": { "line": 23, "column": null }
      },
      "5": {
        "start": { "line": 22, "column": 4 },
        "end": { "line": 22, "column": null }
      },
      "6": {
        "start": { "line": 26, "column": 18 },
        "end": { "line": 26, "column": null }
      },
      "7": {
        "start": { "line": 28, "column": 2 },
        "end": { "line": 66, "column": null }
      },
      "8": {
        "start": { "line": 30, "column": 24 },
        "end": { "line": 30, "column": null }
      },
      "9": {
        "start": { "line": 32, "column": 4 },
        "end": { "line": 65, "column": null }
      },
      "10": {
        "start": { "line": 34, "column": 21 },
        "end": { "line": 34, "column": null }
      },
      "11": {
        "start": { "line": 37, "column": 46 },
        "end": { "line": 41, "column": null }
      },
      "12": {
        "start": { "line": 43, "column": 6 },
        "end": { "line": 61, "column": null }
      },
      "13": {
        "start": { "line": 45, "column": 29 },
        "end": { "line": 45, "column": null }
      },
      "14": {
        "start": { "line": 46, "column": 8 },
        "end": { "line": 46, "column": null }
      },
      "15": {
        "start": { "line": 48, "column": 8 },
        "end": { "line": 48, "column": null }
      },
      "16": {
        "start": { "line": 51, "column": 8 },
        "end": { "line": 60, "column": null }
      },
      "17": {
        "start": { "line": 64, "column": 6 },
        "end": { "line": 64, "column": null }
      },
      "18": {
        "start": { "line": 69, "column": 2 },
        "end": { "line": 69, "column": null }
      },
      "19": {
        "start": { "line": 76, "column": 29 },
        "end": { "line": 84, "column": null }
      },
      "20": {
        "start": { "line": 80, "column": 2 },
        "end": { "line": 82, "column": null }
      }
    },
    "fnMap": {
      "0": {
        "name": "(anonymous_0)",
        "decl": {
          "start": { "line": 8, "column": 30 },
          "end": { "line": 8, "column": 31 }
        },
        "loc": {
          "start": { "line": 8, "column": 56 },
          "end": { "line": 13, "column": null }
        },
        "line": 8
      },
      "1": {
        "name": "(anonymous_1)",
        "decl": {
          "start": { "line": 20, "column": 34 },
          "end": { "line": 20, "column": 35 }
        },
        "loc": {
          "start": { "line": 20, "column": 68 },
          "end": { "line": 70, "column": null }
        },
        "line": 20
      },
      "2": {
        "name": "(anonymous_2)",
        "decl": {
          "start": { "line": 28, "column": 19 },
          "end": { "line": 28, "column": 20 }
        },
        "loc": {
          "start": { "line": 28, "column": 32 },
          "end": { "line": 66, "column": 3 }
        },
        "line": 28
      },
      "3": {
        "name": "(anonymous_3)",
        "decl": {
          "start": { "line": 76, "column": 29 },
          "end": { "line": 76, "column": null }
        },
        "loc": {
          "start": { "line": 79, "column": 14 },
          "end": { "line": 84, "column": null }
        },
        "line": 79
      }
    },
    "branchMap": {
      "0": {
        "loc": {
          "start": { "line": 21, "column": 2 },
          "end": { "line": 23, "column": null }
        },
        "type": "if",
        "locations": [
          {
            "start": { "line": 21, "column": 2 },
            "end": { "line": 23, "column": null }
          },
          { "start": {}, "end": {} }
        ],
        "line": 21
      },
      "1": {
        "loc": {
          "start": { "line": 21, "column": 6 },
          "end": { "line": 21, "column": 57 }
        },
        "type": "binary-expr",
        "locations": [
          {
            "start": { "line": 21, "column": 6 },
            "end": { "line": 21, "column": 34 }
          },
          {
            "start": { "line": 21, "column": 34 },
            "end": { "line": 21, "column": 57 }
          }
        ],
        "line": 21
      },
      "2": {
        "loc": {
          "start": { "line": 30, "column": 24 },
          "end": { "line": 30, "column": null }
        },
        "type": "binary-expr",
        "locations": [
          {
            "start": { "line": 30, "column": 24 },
            "end": { "line": 30, "column": 43 }
          },
          {
            "start": { "line": 30, "column": 43 },
            "end": { "line": 30, "column": null }
          }
        ],
        "line": 30
      },
      "3": {
        "loc": {
          "start": { "line": 32, "column": 4 },
          "end": { "line": 65, "column": null }
        },
        "type": "if",
        "locations": [
          {
            "start": { "line": 32, "column": 4 },
            "end": { "line": 65, "column": null }
          },
          {
            "start": { "line": 62, "column": 11 },
            "end": { "line": 65, "column": null }
          }
        ],
        "line": 32
      },
      "4": {
        "loc": {
          "start": { "line": 40, "column": 17 },
          "end": { "line": 40, "column": null }
        },
        "type": "binary-expr",
        "locations": [
          {
            "start": { "line": 40, "column": 17 },
            "end": { "line": 40, "column": 41 }
          },
          {
            "start": { "line": 40, "column": 25 },
            "end": { "line": 40, "column": null }
          }
        ],
        "line": 40
      },
      "5": {
        "loc": {
          "start": { "line": 43, "column": 6 },
          "end": { "line": 61, "column": null }
        },
        "type": "if",
        "locations": [
          {
            "start": { "line": 43, "column": 6 },
            "end": { "line": 61, "column": null }
          },
          {
            "start": { "line": 49, "column": 13 },
            "end": { "line": 61, "column": null }
          }
        ],
        "line": 43
      },
      "6": {
        "loc": {
          "start": { "line": 57, "column": 24 },
          "end": { "line": 57, "column": null }
        },
        "type": "binary-expr",
        "locations": [
          {
            "start": { "line": 57, "column": 24 },
            "end": { "line": 57, "column": 48 }
          },
          {
            "start": { "line": 57, "column": 48 },
            "end": { "line": 57, "column": null }
          }
        ],
        "line": 57
      },
      "7": {
        "loc": {
          "start": { "line": 58, "column": 24 },
          "end": { "line": 58, "column": null }
        },
        "type": "binary-expr",
        "locations": [
          {
            "start": { "line": 58, "column": 24 },
            "end": { "line": 58, "column": 48 }
          },
          {
            "start": { "line": 58, "column": 32 },
            "end": { "line": 58, "column": null }
          }
        ],
        "line": 58
      },
      "8": {
        "loc": {
          "start": { "line": 81, "column": 4 },
          "end": { "line": 82, "column": null }
        },
        "type": "binary-expr",
        "locations": [
          {
            "start": { "line": 81, "column": 4 },
            "end": { "line": 81, "column": null }
          },
          {
            "start": { "line": 82, "column": 4 },
            "end": { "line": 82, "column": null }
          }
        ],
        "line": 81
      }
    },
    "s": {
      "0": 1,
      "1": 12,
      "2": 12,
      "3": 1,
      "4": 0,
      "5": 0,
      "6": 0,
      "7": 0,
      "8": 0,
      "9": 0,
      "10": 0,
      "11": 0,
      "12": 0,
      "13": 0,
      "14": 0,
      "15": 0,
      "16": 0,
      "17": 0,
      "18": 0,
      "19": 1,
      "20": 3
    },
    "f": { "0": 12, "1": 0, "2": 0, "3": 3 },
    "b": {
      "0": [0, 0],
      "1": [0, 0],
      "2": [0, 0],
      "3": [0, 0],
      "4": [0, 0],
      "5": [0, 0],
      "6": [0, 0],
      "7": [0, 0],
      "8": [3, 1]
    },
    "meta": {
      "lastBranch": 9,
      "lastFunction": 4,
      "lastStatement": 21,
      "seen": {
        "s:8:30:13:Infinity": 0,
        "f:8:30:8:31": 0,
        "s:10:21:10:Infinity": 1,
        "s:12:2:12:Infinity": 2,
        "s:20:34:70:Infinity": 3,
        "f:20:34:20:35": 1,
        "b:21:2:23:Infinity:undefined:undefined:undefined:undefined": 0,
        "s:21:2:23:Infinity": 4,
        "b:21:6:21:34:21:34:21:57": 1,
        "s:22:4:22:Infinity": 5,
        "s:26:18:26:Infinity": 6,
        "s:28:2:66:Infinity": 7,
        "f:28:19:28:20": 2,
        "s:30:24:30:Infinity": 8,
        "b:30:24:30:43:30:43:30:Infinity": 2,
        "b:32:4:65:Infinity:62:11:65:Infinity": 3,
        "s:32:4:65:Infinity": 9,
        "s:34:21:34:Infinity": 10,
        "s:37:46:41:Infinity": 11,
        "b:40:17:40:41:40:25:40:Infinity": 4,
        "b:43:6:61:Infinity:49:13:61:Infinity": 5,
        "s:43:6:61:Infinity": 12,
        "s:45:29:45:Infinity": 13,
        "s:46:8:46:Infinity": 14,
        "s:48:8:48:Infinity": 15,
        "s:51:8:60:Infinity": 16,
        "b:57:24:57:48:57:48:57:Infinity": 6,
        "b:58:24:58:48:58:32:58:Infinity": 7,
        "s:64:6:64:Infinity": 17,
        "s:69:2:69:Infinity": 18,
        "s:76:29:84:Infinity": 19,
        "f:76:29:76:Infinity": 3,
        "s:80:2:82:Infinity": 20,
        "b:81:4:81:Infinity:82:4:82:Infinity": 8
      }
    }
  }
}
